2018-10-10 16:54:06,394 [INFO] [iris.local_web_server] Serving HTTP on 127.0.0.1 port 2000.
2018-10-10 16:54:58,861 [INFO] [mozdownload.scraper] Retrieving list of candidate builds from https://archive.mozilla.org/pub/firefox/candidates/63.0b13-candidates/
2018-10-10 16:54:58,911 [INFO] [mozdownload.scraper] Found 1 build: build1
2018-10-10 16:54:58,911 [INFO] [mozdownload.scraper] Selected build: build1
2018-10-10 16:54:59,000 [INFO] [mozdownload.scraper] Downloading from: https://archive.mozilla.org/pub/firefox/candidates/63.0b13-candidates/build1/win64/en-US/Firefox%20Setup%2063.0b13.exe
2018-10-10 16:54:59,000 [INFO] [mozdownload.scraper] Saving as: C:\Users\paul.silaghi\.iris\cache\firefox-63.0b13-build1.en-US.win64.exe
2018-10-10 16:55:13,736 [INFO] [mozdownload.scraper] Retrieving list of candidate builds from https://archive.mozilla.org/pub/firefox/candidates/63.0b13-candidates/
2018-10-10 16:55:13,778 [INFO] [mozdownload.scraper] Found 1 build: build1
2018-10-10 16:55:13,779 [INFO] [mozdownload.scraper] Selected build: build1
2018-10-10 16:55:13,815 [INFO] [iris.__main__] Latest available version for beta channel is: 63.0b13
2018-10-10 16:55:13,944 [INFO] [iris.test_runner] Running tests
2018-10-10 16:55:13,944 [INFO] [iris.test_runner] 
------------------------------------------------------------------------------------------------------------------------
2018-10-10 16:55:13,944 [INFO] [iris.test_runner] Executing: 1 - [add_links_keyboard_shortcuts]: This test case adds links using 'CTRL/CMD' + 'ENTER' keys.
2018-10-10 16:55:33,351 [SUCCESS] [iris.api.helpers.results] Step: CNN page successfully loaded ., outcome: >>> PASSED <<<
2018-10-10 16:55:33,351 [SUCCESS] [iris.api.helpers.results] Step: Facebook page successfully loaded., outcome: >>> PASSED <<<
2018-10-10 16:55:33,352 [SUCCESS] [iris.api.helpers.results] Step: CNN page successfully reloaded., outcome: >>> PASSED <<<
2018-10-10 16:55:33,352 [INFO] [iris.api.helpers.results] [add_links_keyboard_shortcuts] - >>> PASSED <<< (Finished in 19.41 second(s))

2018-10-10 16:55:37,328 [INFO] [iris.test_runner] 
------------------------------------------------------------------------------------------------------------------------
2018-10-10 16:55:37,329 [INFO] [iris.test_runner] Executing: 2 - [add_bookmark_tags_via_bookmark_sidebar]: Tags can be added to bookmarks using the Bookmarks Sidebar.
2018-10-10 16:56:04,039 [SUCCESS] [iris.api.helpers.results] Step: Properties option is present on the page., outcome: >>> PASSED <<<
2018-10-10 16:56:04,039 [SUCCESS] [iris.api.helpers.results] Step: Properties window is present on the page., outcome: >>> PASSED <<<
2018-10-10 16:56:04,039 [SUCCESS] [iris.api.helpers.results] Step: Moz bookmark was successfully tagged via bookmark sidebar., outcome: >>> PASSED <<<
2018-10-10 16:56:04,039 [INFO] [iris.api.helpers.results] [add_bookmark_tags_via_bookmark_sidebar] - >>> PASSED <<< (Finished in 26.71 second(s))

2018-10-10 16:56:08,025 [INFO] [iris.test_runner] 
------------------------------------------------------------------------------------------------------------------------
2018-10-10 16:56:08,026 [INFO] [iris.test_runner] Executing: 3 - [empty]: This is an empty test case that does nothing
2018-10-10 16:56:15,676 [SUCCESS] [iris.api.helpers.results] Step: test, outcome: >>> PASSED <<<
2018-10-10 16:56:15,676 [WARNING] [iris.api.helpers.results] Step: test, outcome: >>> FAILED <<< 

------------------------------------------------------------------------------------------------------------------------
» Traceback (most recent call last):                                                                                   «
»   File "C:\Users\paul.silaghi\.virtualenvs\iris-DBojdd3p\Scripts\iris-script.py", line 11, in <module>               «
»     load_entry_point('iris', 'console_scripts', 'iris')()                                                            «
»   File "c:\github\iris\iris\__main__.py", line 46, in main                                                           «
»     Iris()                                                                                                           «
»   File "c:\github\iris\iris\__main__.py", line 59, in __init__                                                       «
»     run(self)                                                                                                        «
»   File "c:\github\iris\iris\test_runner.py", line 68, in run                                                         «
»     current.run()                                                                                                    «
»   File "c:\github\iris\iris\tests\experiments\empty.py", line 22, in run                                             «
»     assert_true(self, False, 'test')                                                                                 «
»   File "c:\github\iris\iris\asserts.py", line 39, in assert_true                                                     «
»     assert_equal(test_case, actual, True, message)                                                                   «
»   File "c:\github\iris\iris\asserts.py", line 25, in assert_equal                                                    «
»     test_case.add_results('FAILED', message, actual, expected, print_error(format_stack(traceback.extract_stack()))) «
------------------------------------------------------------------------------------------------------------------------

2018-10-10 16:56:15,677 [INFO] [iris.api.helpers.results] [empty] - >>> FAILED <<< (Finished in 7.65 second(s))

2018-10-10 16:56:19,648 [INFO] [iris.api.helpers.results] 
------------------------------------------------------------------------------------------------------------------------
Platform: win, Firefox Version: 63.0, Firefox Build: 20181008155858
Passed: 2, Failed: 1, Skipped: 0, Errors: 0 -- Total: 3                                       Total time: 65.7 second(s)

The following tests did not pass:
empty


------------------------------------------------------------------------------------------------------------------------

