2018-10-30 14:34:41,230 [INFO] [iris.local_web_server] Serving HTTP on 127.0.0.1 port 2000.
2018-10-30 14:35:19,322 [INFO] [mozdownload.scraper] Retrieving list of candidate builds from https://archive.mozilla.org/pub/firefox/candidates/64.0b5-candidates/
2018-10-30 14:35:19,384 [INFO] [mozdownload.scraper] Found 1 build: build1
2018-10-30 14:35:19,385 [INFO] [mozdownload.scraper] Selected build: build1
2018-10-30 14:35:19,825 [INFO] [mozdownload.scraper] Downloading from: https://archive.mozilla.org/pub/firefox/candidates/64.0b5-candidates/build1/win64/en-US/Firefox%20Setup%2064.0b5.exe
2018-10-30 14:35:19,829 [INFO] [mozdownload.scraper] Saving as: C:\Users\paul.silaghi\.iris\cache\firefox-64.0b5-build1.en-US.win64.exe
2018-10-30 14:35:43,970 [INFO] [mozdownload.scraper] Retrieving list of candidate builds from https://archive.mozilla.org/pub/firefox/candidates/64.0b5-candidates/
2018-10-30 14:35:44,020 [INFO] [mozdownload.scraper] Found 1 build: build1
2018-10-30 14:35:44,023 [INFO] [mozdownload.scraper] Selected build: build1
2018-10-30 14:35:44,078 [INFO] [iris.__main__] Latest available version for beta channel is: 64.0b5
2018-10-30 14:35:44,194 [INFO] [iris.test_runner] Running tests
2018-10-30 14:35:44,197 [INFO] [iris.test_runner] 
------------------------------------------------------------------------------------------------------------------------
2018-10-30 14:35:44,203 [INFO] [iris.test_runner] Executing: 1 - [add_links_keyboard_shortcuts]: This test case adds links using 'CTRL' + 'ENTER' keys.
2018-10-30 14:36:05,069 [SUCCESS] [iris.api.helpers.results] Step: CNN page successfully loaded ., outcome: >>> PASSED <<<
2018-10-30 14:36:05,072 [SUCCESS] [iris.api.helpers.results] Step: Facebook page successfully loaded., outcome: >>> PASSED <<<
2018-10-30 14:36:05,078 [SUCCESS] [iris.api.helpers.results] Step: CNN page successfully reloaded., outcome: >>> PASSED <<<
2018-10-30 14:36:05,082 [INFO] [iris.api.helpers.results] [add_links_keyboard_shortcuts] - >>> PASSED <<< (Finished in 17.93 second(s))

2018-10-30 14:36:05,092 [INFO] [iris.api.helpers.results] 
------------------------------------------------------------------------------------------------------------------------
Platform: win, Firefox Version: 64.0, Firefox Build: 20181029164536
Passed: 1, Failed: 0, Skipped: 0, Errors: 0 -- Total: 1                                      Total time: 20.89 second(s)
------------------------------------------------------------------------------------------------------------------------

