2018-11-02 16:52:26,823 [INFO] [iris.local_web_server] Serving HTTP on 127.0.0.1 port 2000.
2018-11-02 16:53:01,434 [INFO] [mozdownload.scraper] Retrieving list of candidate builds from https://archive.mozilla.org/pub/firefox/candidates/64.0b6-candidates/
2018-11-02 16:53:01,509 [INFO] [mozdownload.scraper] Found 1 build: build1
2018-11-02 16:53:01,512 [INFO] [mozdownload.scraper] Selected build: build1
2018-11-02 16:53:01,904 [INFO] [mozdownload.scraper] Downloading from: https://archive.mozilla.org/pub/firefox/candidates/64.0b6-candidates/build1/win64/en-US/Firefox%20Setup%2064.0b6.exe
2018-11-02 16:53:01,910 [INFO] [mozdownload.scraper] Saving as: C:\Users\paul.silaghi\.iris\cache\firefox-64.0b6-build1.en-US.win64.exe
2018-11-02 16:53:15,663 [INFO] [mozdownload.scraper] Retrieving list of candidate builds from https://archive.mozilla.org/pub/firefox/candidates/64.0b6-candidates/
2018-11-02 16:53:15,707 [INFO] [mozdownload.scraper] Found 1 build: build1
2018-11-02 16:53:15,710 [INFO] [mozdownload.scraper] Selected build: build1
2018-11-02 16:53:15,757 [INFO] [iris.__main__] Latest available version for beta channel is: 64.0b6
2018-11-02 16:53:15,877 [INFO] [iris.test_runner] Running tests
2018-11-02 16:53:15,878 [INFO] [iris.test_runner] 
------------------------------------------------------------------------------------------------------------------------
2018-11-02 16:53:15,888 [INFO] [iris.test_runner] Executing: 1 - [about_firefox_controls]: This is a test of the 'About Firefox' window controls
2018-11-02 16:53:36,519 [WARNING] [iris.api.helpers.results] Step: 'About Firefox' window was opened successfully., outcome: >>> FAILED <<< 

------------------------------------------------------------------------------------------------------------------------
» Traceback (most recent call last):                                                                                   «
»   File "C:\Users\paul.silaghi\.virtualenvs\iris-DBojdd3p\Scripts\iris-script.py", line 11, in <module>               «
»     load_entry_point('iris', 'console_scripts', 'iris')()                                                            «
»   File "c:\github\iris\iris\__main__.py", line 46, in main                                                           «
»     Iris()                                                                                                           «
»   File "c:\github\iris\iris\__main__.py", line 59, in __init__                                                       «
»     run(self)                                                                                                        «
»   File "c:\github\iris\iris\test_runner.py", line 75, in run                                                         «
»     current.run()                                                                                                    «
»   File "c:\github\iris\iris\tests\toolbars_window_controls\about_firefox_controls.py", line 23, in run               «
»     assert_true(self, expected_1, '\'About Firefox\' window was opened successfully.')                               «
»   File "c:\github\iris\iris\asserts.py", line 60, in assert_true                                                     «
»     assert_equal(test_case, actual, True, message)                                                                   «
»   File "c:\github\iris\iris\asserts.py", line 32, in assert_equal                                                    «
»     test_case.add_results('FAILED', message, actual, expected, print_error(format_stack(traceback.extract_stack()))) «
------------------------------------------------------------------------------------------------------------------------

2018-11-02 16:53:36,568 [INFO] [iris.api.helpers.results] [about_firefox_controls] - >>> FAILED <<< (Finished in 18.2 second(s))

2018-11-02 16:53:36,578 [INFO] [iris.test_runner] 
------------------------------------------------------------------------------------------------------------------------
2018-11-02 16:53:36,584 [INFO] [iris.test_runner] Executing: 2 - [browser_control_console]: This is a test case that checks that Browser Control Console work as expected.
2018-11-02 16:54:15,543 [SUCCESS] [iris.api.helpers.results] Step: Browser Console successfully displayed., outcome: >>> PASSED <<<
2018-11-02 16:54:15,548 [SUCCESS] [iris.api.helpers.results] Step: Clear the web console option is present., outcome: >>> PASSED <<<
2018-11-02 16:54:15,552 [SUCCESS] [iris.api.helpers.results] Step: Toggle filter bar option is present., outcome: >>> PASSED <<<
2018-11-02 16:54:15,555 [SUCCESS] [iris.api.helpers.results] Step: Browser Console successfully closed., outcome: >>> PASSED <<<
2018-11-02 16:54:15,565 [SUCCESS] [iris.api.helpers.results] Step: Browser Console successfully minimized., outcome: >>> PASSED <<<
2018-11-02 16:54:15,569 [SUCCESS] [iris.api.helpers.results] Step: Browser Console successfully maximized., outcome: >>> PASSED <<<
2018-11-02 16:54:15,575 [INFO] [iris.api.helpers.results] [browser_control_console] - >>> PASSED <<< (Finished in 36.38 second(s))

2018-11-02 16:54:15,582 [INFO] [iris.api.helpers.results] 
------------------------------------------------------------------------------------------------------------------------
Platform: win, Firefox Version: 64.0, Firefox Build: 20181101155334
Passed: 1, Failed: 1, Skipped: 0, Errors: 0 -- Total: 2                                       Total time: 59.7 second(s)

The following tests did not pass:
about_firefox_controls


------------------------------------------------------------------------------------------------------------------------

